<?xml version="1.0" encoding="UTF-8"?>
<testng-results ignored="0" total="1" passed="1" failed="0" skipped="0">
  <reporter-output>
  </reporter-output>
  <suite started-at="2023-10-08T23:11:40 IST" name="Default suite" finished-at="2023-10-08T23:18:01 IST" duration-ms="381759">
    <groups>
    </groups>
    <test started-at="2023-10-08T23:11:40 IST" name="Default test" finished-at="2023-10-08T23:18:01 IST" duration-ms="381759">
      <class name="SelenumTestCases.SubscriptionValidationTestCases">
        <test-method is-config="true" signature="setUp()[pri:0, instance:SelenumTestCases.SubscriptionValidationTestCases@a3d8174]" started-at="2023-10-08T23:11:40 IST" name="setUp" finished-at="2023-10-08T23:13:55 IST" duration-ms="135300" status="PASS">
          <reporter-output>
          </reporter-output>
        </test-method> <!-- setUp -->
        <test-method signature="SubscriptionPackages()[pri:0, instance:SelenumTestCases.SubscriptionValidationTestCases@a3d8174]" started-at="2023-10-08T23:13:55 IST" name="SubscriptionPackages" finished-at="2023-10-08T23:18:01 IST" duration-ms="245601" status="PASS">
          <reporter-output>
          </reporter-output>
        </test-method> <!-- SubscriptionPackages -->
        <test-method is-config="true" signature="tearDown()[pri:0, instance:SelenumTestCases.SubscriptionValidationTestCases@a3d8174]" started-at="2023-10-08T23:18:01 IST" name="tearDown" finished-at="2023-10-08T23:18:01 IST" duration-ms="811" status="PASS">
          <reporter-output>
          </reporter-output>
        </test-method> <!-- tearDown -->
      </class> <!-- SelenumTestCases.SubscriptionValidationTestCases -->
    </test> <!-- Default test -->
  </suite> <!-- Default suite -->
</testng-results>
